<?xml version="1.0" encoding="UTF-8"?>
<testsuite xmlns:xsi="http://www.w3.org/2001/XMLSchema-instance" xsi:noNamespaceSchemaLocation="https://maven.apache.org/surefire/maven-surefire-plugin/xsd/surefire-test-report-3.0.xsd" version="3.0" name="com.seal.configserver.ConfigServerApplicationTests" time="4.742" tests="1" errors="0" skipped="0" failures="0">
  <properties>
[...]
</properties>
  <testcase name="contextLoads" classname="com.seal.configserver.ConfigServerApplicationTests" time="1.044">
    <system-out><![CDATA[14:32:14.814 [main] INFO org.springframework.test.context.support.AnnotationConfigContextLoaderUtils -- Could not detect default configuration classes for test class [com.seal.configserver.ConfigServerApplicationTests]: ConfigServerApplicationTests does not declare any static, non-private, non-final, nested classes annotated with @Configuration.
14:32:14.931 [main] INFO org.springframework.boot.test.context.SpringBootTestContextBootstrapper -- Found @SpringBootConfiguration com.seal.configserver.ConfigServerApplication for test class com.seal.configserver.ConfigServerApplicationTests

  .   ____          _            __ _ _
 /\\ / ___'_ __ _ _(_)_ __  __ _ \ \ \ \
( ( )\___ | '_ | '_| | '_ \/ _` | \ \ \ \
 \\/  ___)| |_)| | | | | || (_| |  ) ) ) )
  '  |____| .__|_| |_|_| |_\__, | / / / /
 =========|_|==============|___/=/_/_/_/

 :: Spring Boot ::                (v3.3.5)

2024-11-28T14:32:15.660+07:00  INFO 11876 --- [config-server] [           main] c.s.c.ConfigServerApplicationTests       : Starting ConfigServerApplicationTests using Java 17.0.12 with PID 11876 (started by Lenovo in D:\ThisPC\Projects\Ecommerce-Microservice-SEAL\seal-e-commerce-app\services\config-server)
2024-11-28T14:32:15.663+07:00  INFO 11876 --- [config-server] [           main] c.s.c.ConfigServerApplicationTests       : The following 1 profile is active: "native"
2024-11-28T14:32:16.990+07:00  INFO 11876 --- [config-server] [           main] o.s.cloud.context.scope.GenericScope     : BeanFactory id=69a1608e-bc55-3193-8082-7311e1a11ea1
2024-11-28T14:32:18.309+07:00  INFO 11876 --- [config-server] [           main] c.s.c.ConfigServerApplicationTests       : Started ConfigServerApplicationTests in 3.2 seconds (process running for 4.343)
]]></system-out>
  </testcase>
</testsuite>